<?xml version="1.0" encoding="UTF-8"?>
<!-- Generated by org.testng.reporters.JUnitReportReporter -->
<testsuite skipped="0" hostname="Anushk" name="com.bank.testsuit.BankTest" tests="6" failures="0" timestamp="14 Apr 2020 16:12:46 GMT" time="9.772" errors="0">
  <testcase name="bankManagerShouldAddCustomerSuccessfully" time="3.957" classname="com.bank.testsuit.BankTest"/>
  <testcase name="bankManagerShouldOpenAccountSuccessfully" time="1.301" classname="com.bank.testsuit.BankTest"/>
  <testcase name="customerShouldLoginAndLogoutSuccessfully" time="1.203" classname="com.bank.testsuit.BankTest"/>
  <testcase name="customerShouldDepositMoneySuccessfully" time="1.296" classname="com.bank.testsuit.BankTest"/>
  <testcase name="customerShouldWithdrawMoneySuccessfully" time="1.103" classname="com.bank.testsuit.BankTest"/>
  <testcase name="bankManagerShouldDeleteCustomerSuccessfully" time="0.912" classname="com.bank.testsuit.BankTest"/>
</testsuite> <!-- com.bank.testsuit.BankTest -->
